<?xml version="1.0" encoding="UTF-8"?>
<testng-results ignored="0" total="2" passed="2" failed="0" skipped="0">
  <reporter-output>
  </reporter-output>
  <suite started-at="2022-08-16T10:43:36 IST" name="Default suite" finished-at="2022-08-16T10:43:53 IST" duration-ms="16771">
    <groups>
    </groups>
    <test started-at="2022-08-16T10:43:36 IST" name="Default test" finished-at="2022-08-16T10:43:53 IST" duration-ms="16771">
      <class name="TestClass.LoginTestClass">
        <test-method is-config="true" signature="loadConfig()[pri:0, instance:TestClass.LoginTestClass@7690781]" started-at="2022-08-16T10:43:36 IST" name="loadConfig" finished-at="2022-08-16T10:43:36 IST" duration-ms="11" status="PASS">
          <reporter-output>
          </reporter-output>
        </test-method> <!-- loadConfig -->
        <test-method is-config="true" signature="setup()[pri:0, instance:TestClass.LoginTestClass@7690781]" started-at="2022-08-16T10:43:36 IST" name="setup" finished-at="2022-08-16T10:43:41 IST" duration-ms="4814" status="PASS">
          <reporter-output>
          </reporter-output>
        </test-method> <!-- setup -->
        <test-method signature="ValidateTitleTest()[pri:1, instance:TestClass.LoginTestClass@7690781]" started-at="2022-08-16T10:43:41 IST" name="ValidateTitleTest" finished-at="2022-08-16T10:43:41 IST" duration-ms="31" status="PASS">
          <reporter-output>
          </reporter-output>
        </test-method> <!-- ValidateTitleTest -->
        <test-method is-config="true" signature="tearDown()[pri:0, instance:TestClass.LoginTestClass@7690781]" started-at="2022-08-16T10:43:41 IST" name="tearDown" finished-at="2022-08-16T10:43:41 IST" duration-ms="181" status="PASS">
          <reporter-output>
          </reporter-output>
        </test-method> <!-- tearDown -->
        <test-method is-config="true" signature="setup()[pri:0, instance:TestClass.LoginTestClass@7690781]" started-at="2022-08-16T10:43:41 IST" name="setup" finished-at="2022-08-16T10:43:45 IST" duration-ms="4066" status="PASS">
          <reporter-output>
          </reporter-output>
        </test-method> <!-- setup -->
        <test-method signature="ValidateLoginCredinatilTest()[pri:2, instance:TestClass.LoginTestClass@7690781]" started-at="2022-08-16T10:43:45 IST" name="ValidateLoginCredinatilTest" finished-at="2022-08-16T10:43:53 IST" duration-ms="7510" status="PASS">
          <reporter-output>
          </reporter-output>
        </test-method> <!-- ValidateLoginCredinatilTest -->
        <test-method is-config="true" signature="tearDown()[pri:0, instance:TestClass.LoginTestClass@7690781]" started-at="2022-08-16T10:43:53 IST" name="tearDown" finished-at="2022-08-16T10:43:53 IST" duration-ms="133" status="PASS">
          <reporter-output>
          </reporter-output>
        </test-method> <!-- tearDown -->
        <test-method is-config="true" signature="afterSuite()[pri:0, instance:TestClass.LoginTestClass@7690781]" started-at="2022-08-16T10:43:53 IST" name="afterSuite" finished-at="2022-08-16T10:43:53 IST" duration-ms="0" status="PASS">
          <reporter-output>
          </reporter-output>
        </test-method> <!-- afterSuite -->
      </class> <!-- TestClass.LoginTestClass -->
    </test> <!-- Default test -->
  </suite> <!-- Default suite -->
</testng-results>
